<?xml version="1.0" encoding="UTF-8"?>
<testng-results ignored="0" total="1" passed="1" failed="0" skipped="0">
  <reporter-output>
  </reporter-output>
  <suite started-at="2022-04-03T16:55:45Z" name="Suite" finished-at="2022-04-03T16:57:46Z" duration-ms="121184">
    <groups>
    </groups>
    <test started-at="2022-04-03T16:55:45Z" name="Test" finished-at="2022-04-03T16:57:46Z" duration-ms="121184">
      <class name="com.Racpad.Testcases.TC_openRacpad">
        <test-method is-config="true" signature="setUp()[pri:0, instance:com.Racpad.Testcases.TC_openRacpad@6fa51cd4]" started-at="2022-04-03T16:55:45Z" name="setUp" finished-at="2022-04-03T16:56:06Z" duration-ms="21314" status="PASS">
          <reporter-output>
          </reporter-output>
        </test-method> <!-- setUp -->
        <test-method signature="openRacpad()[pri:0, instance:com.Racpad.Testcases.TC_openRacpad@6fa51cd4]" started-at="2022-04-03T16:56:06Z" name="openRacpad" finished-at="2022-04-03T16:57:46Z" duration-ms="99565" status="PASS">
          <reporter-output>
          </reporter-output>
        </test-method> <!-- openRacpad -->
        <test-method is-config="true" signature="tearDown()[pri:0, instance:com.Racpad.Testcases.TC_openRacpad@6fa51cd4]" started-at="2022-04-03T16:57:46Z" name="tearDown" finished-at="2022-04-03T16:57:46Z" duration-ms="248" status="PASS">
          <reporter-output>
          </reporter-output>
        </test-method> <!-- tearDown -->
      </class> <!-- com.Racpad.Testcases.TC_openRacpad -->
    </test> <!-- Test -->
  </suite> <!-- Suite -->
</testng-results>
